<?xml version="1.0" encoding="utf-8"?><testsuites name="pytest tests"><testsuite name="pytest" errors="0" failures="0" skipped="0" tests="24" time="0.787" timestamp="2026-05-20T22:50:56.290987-05:00" hostname="jaime-HP-EliteBook-840-14-inch-G9-Notebook-PC"><testcase classname="tests.test_estudiantes.TestCrearEstudiante" name="test_crear_estudiante_exitoso" time="0.013" /><testcase classname="tests.test_estudiantes.TestCrearEstudiante" name="test_crear_estudiante_codigo_duplicado" time="0.006" /><testcase classname="tests.test_estudiantes.TestCrearEstudiante" name="test_crear_estudiante_email_invalido" time="0.003" /><testcase classname="tests.test_estudiantes.TestCrearEstudiante" name="test_crear_estudiante_semestre_invalido" time="0.004" /><testcase classname="tests.test_estudiantes.TestObtenerEstudiante" name="test_obtener_estudiante_existente" time="0.006" /><testcase classname="tests.test_estudiantes.TestObtenerEstudiante" name="test_obtener_estudiante_inexistente" time="0.003" /><testcase classname="tests.test_estudiantes.TestListarEstudiantes" name="test_listar_vacio" time="0.004" /><testcase classname="tests.test_estudiantes.TestListarEstudiantes" name="test_listar_con_estudiantes" time="0.006" /><testcase classname="tests.test_materias.TestCrearMateria" name="test_crear_materia_exitosa" time="0.004" /><testcase classname="tests.test_materias.TestCrearMateria" name="test_crear_materia_creditos_invalidos" time="0.003" /><testcase classname="tests.test_materias.TestCrearMateria" name="test_crear_materia_duplicada" time="0.007" /><testcase classname="tests.test_materias.TestObtenerMateria" name="test_obtener_materia_existente" time="0.008" /><testcase classname="tests.test_materias.TestObtenerMateria" name="test_obtener_materia_inexistente" time="0.003" /><testcase classname="tests.test_notas.TestEsAprobado" name="test_nota_tres_es_aprobado" time="0.000" /><testcase classname="tests.test_notas.TestEsAprobado" name="test_nota_mayor_tres_es_aprobado" time="0.000" /><testcase classname="tests.test_notas.TestEsAprobado" name="test_nota_menor_tres_es_reprobado" time="0.000" /><testcase classname="tests.test_notas.TestEsAprobado" name="test_nota_cero_es_reprobado" time="0.000" /><testcase classname="tests.test_notas.TestRegistrarNota" name="test_registrar_nota_exitosa" time="0.011" /><testcase classname="tests.test_notas.TestRegistrarNota" name="test_registrar_nota_estudiante_inexistente" time="0.012" /><testcase classname="tests.test_notas.TestRegistrarNota" name="test_registrar_nota_materia_inexistente" time="0.010" /><testcase classname="tests.test_notas.TestRegistrarNota" name="test_registrar_nota_valor_invalido" time="0.011" /><testcase classname="tests.test_notas.TestReporteAcademico" name="test_reporte_estudiante_inexistente" time="0.001" /><testcase classname="tests.test_notas.TestReporteAcademico" name="test_reporte_sin_notas" time="0.001" /><testcase classname="tests.test_notas.TestEstadisticasGlobales" name="test_estadisticas_sin_datos" time="0.001" /></testsuite></testsuites>